  [1m[36m (32.7ms)[0m  [1mCREATE TABLE "schema_migrations" ("version" character varying NOT NULL) [0m
  [1m[35m (16.7ms)[0m  CREATE UNIQUE INDEX  "unique_schema_migrations" ON "schema_migrations"  ("version")
  [1m[36mActiveRecord::SchemaMigration Load (0.2ms)[0m  [1mSELECT "schema_migrations".* FROM "schema_migrations"[0m
  [1m[36mActiveRecord::SchemaMigration Load (0.8ms)[0m  [1mSELECT "schema_migrations".* FROM "schema_migrations"[0m
Migrating to CreatePosts (20150825135017)
  [1m[35m (0.3ms)[0m  BEGIN
  [1m[36m (33.3ms)[0m  [1mCREATE TABLE "posts" ("id" serial primary key, "caption" character varying, "created_at" timestamp NOT NULL, "updated_at" timestamp NOT NULL) [0m
  [1m[35mSQL (0.5ms)[0m  INSERT INTO "schema_migrations" ("version") VALUES ($1)  [["version", "20150825135017"]]
  [1m[36m (5.0ms)[0m  [1mCOMMIT[0m
  [1m[35mActiveRecord::SchemaMigration Load (0.7ms)[0m  SELECT "schema_migrations".* FROM "schema_migrations"
  [1m[36m (5.8ms)[0m  [1mSELECT t2.oid::regclass::text AS to_table, a1.attname AS column, a2.attname AS primary_key, c.conname AS name, c.confupdtype AS on_update, c.confdeltype AS on_delete
FROM pg_constraint c
JOIN pg_class t1 ON c.conrelid = t1.oid
JOIN pg_class t2 ON c.confrelid = t2.oid
JOIN pg_attribute a1 ON a1.attnum = c.conkey[1] AND a1.attrelid = t1.oid
JOIN pg_attribute a2 ON a2.attnum = c.confkey[1] AND a2.attrelid = t2.oid
JOIN pg_namespace t3 ON c.connamespace = t3.oid
WHERE c.contype = 'f'
  AND t1.relname = 'posts'
  AND t3.nspname = ANY (current_schemas(false))
ORDER BY c.conname
[0m
  [1m[36mActiveRecord::SchemaMigration Load (0.6ms)[0m  [1mSELECT "schema_migrations".* FROM "schema_migrations"[0m
Migrating to AddAttachmentImageToPosts (20150825135744)
  [1m[35m (0.3ms)[0m  BEGIN
  [1m[36m (0.9ms)[0m  [1mALTER TABLE "posts" ADD "image_file_name" character varying[0m
  [1m[35m (0.4ms)[0m  ALTER TABLE "posts" ADD "image_content_type" character varying
  [1m[36m (0.5ms)[0m  [1mALTER TABLE "posts" ADD "image_file_size" integer[0m
  [1m[35m (0.4ms)[0m  ALTER TABLE "posts" ADD "image_updated_at" timestamp
  [1m[36mSQL (0.3ms)[0m  [1mINSERT INTO "schema_migrations" ("version") VALUES ($1)[0m  [["version", "20150825135744"]]
  [1m[35m (5.0ms)[0m  COMMIT
  [1m[36mActiveRecord::SchemaMigration Load (0.5ms)[0m  [1mSELECT "schema_migrations".* FROM "schema_migrations"[0m
  [1m[35m (5.0ms)[0m  SELECT t2.oid::regclass::text AS to_table, a1.attname AS column, a2.attname AS primary_key, c.conname AS name, c.confupdtype AS on_update, c.confdeltype AS on_delete
FROM pg_constraint c
JOIN pg_class t1 ON c.conrelid = t1.oid
JOIN pg_class t2 ON c.confrelid = t2.oid
JOIN pg_attribute a1 ON a1.attnum = c.conkey[1] AND a1.attrelid = t1.oid
JOIN pg_attribute a2 ON a2.attnum = c.confkey[1] AND a2.attrelid = t2.oid
JOIN pg_namespace t3 ON c.connamespace = t3.oid
WHERE c.contype = 'f'
  AND t1.relname = 'posts'
  AND t3.nspname = ANY (current_schemas(false))
ORDER BY c.conname



Started GET "/" for 127.0.0.1 at 2015-08-25 10:13:14 -0400
  [1m[36mActiveRecord::SchemaMigration Load (0.6ms)[0m  [1mSELECT "schema_migrations".* FROM "schema_migrations"[0m
Processing by PostsController#index as HTML
  Rendered posts/index.slim within layouts/application (13.5ms)
Completed 200 OK in 1053ms (Views: 1042.7ms | ActiveRecord: 0.0ms)


Started GET "/assets/posts.self-e3b0c44298fc1c149afbf4c8996fb92427ae41e4649b934ca495991b7852b855.css?body=1" for 127.0.0.1 at 2015-08-25 10:13:16 -0400


Started GET "/assets/application.self-e80e8f2318043e8af94dddc2adad5a4f09739a8ebb323b3ab31cd71d45fd9113.css?body=1" for 127.0.0.1 at 2015-08-25 10:13:16 -0400


Started GET "/assets/turbolinks.self-c37727e9bd6b2735da5c311aa83fead54ed0be6cc8bd9a65309e9c5abe2cbfff.js?body=1" for 127.0.0.1 at 2015-08-25 10:13:16 -0400


Started GET "/assets/jquery.self-d03a5518f45df77341bdbe6201ba3bfa547ebba8ed64f0ea56bfa5f96ea7c074.js?body=1" for 127.0.0.1 at 2015-08-25 10:13:16 -0400


Started GET "/assets/jquery_ujs.self-ca5248a2fad13d6bd58ea121318d642f195f0b2dd818b30615f785ff365e8d1f.js?body=1" for 127.0.0.1 at 2015-08-25 10:13:16 -0400


Started GET "/assets/posts.self-877aef30ae1b040ab8a3aba4e3e309a11d7f2612f44dde450b5c157aa5f95c05.js?body=1" for 127.0.0.1 at 2015-08-25 10:13:16 -0400


Started GET "/assets/application.self-3b8dabdc891efe46b9a144b400ad69e37d7e5876bdc39dee783419a69d7ca819.js?body=1" for 127.0.0.1 at 2015-08-25 10:13:16 -0400


Started GET "/posts/new" for 127.0.0.1 at 2015-08-25 10:13:18 -0400
Processing by PostsController#new as HTML
  Rendered posts/new.slim within layouts/application (156.0ms)
Completed 200 OK in 229ms (Views: 183.5ms | ActiveRecord: 6.9ms)


Started POST "/posts" for 127.0.0.1 at 2015-08-25 10:13:33 -0400
Processing by PostsController#create as HTML
  Parameters: {"utf8"=>"✓", "authenticity_token"=>"1qDwhA8tEdbf2S/rqkzh/aHH0BYc5/F8pTWdrGcxnRsJ5F8juBR7D2Q2sKOs7qgG+z9Kfn2zEO7MvNABLjv/IA==", "post"=>{"image"=>#<ActionDispatch::Http::UploadedFile:0x007f4a739cd370 @tempfile=#<Tempfile:/tmp/RackMultipart20150825-11178-ft5hn7.jpg>, @original_filename="coffee.jpg", @content_type="image/jpeg", @headers="Content-Disposition: form-data; name=\"post[image]\"; filename=\"coffee.jpg\"\r\nContent-Type: image/jpeg\r\n">, "caption"=>"mon mon mon"}, "commit"=>"Create Post"}
Command :: file -b --mime '/tmp/24eb05d18318ac2db8b2b959315d10f220150825-11178-lcl5os.jpg'
Command :: identify -format '%wx%h,%[exif:orientation]' '/tmp/24eb05d18318ac2db8b2b959315d10f220150825-11178-gzra96.jpg[0]' 2>/dev/null
Command :: identify -format %m '/tmp/24eb05d18318ac2db8b2b959315d10f220150825-11178-gzra96.jpg[0]'
Command :: convert '/tmp/24eb05d18318ac2db8b2b959315d10f220150825-11178-gzra96.jpg[0]' -auto-orient -resize "640" '/tmp/5a2f6c7839361f1d8be9073845b4271f20150825-11178-i1wqrq'
  [1m[35m (0.2ms)[0m  BEGIN
Command :: file -b --mime '/tmp/24eb05d18318ac2db8b2b959315d10f220150825-11178-1sbxm04.jpg'
  [1m[36mSQL (0.5ms)[0m  [1mINSERT INTO "posts" ("caption", "image_file_name", "image_content_type", "image_file_size", "image_updated_at", "created_at", "updated_at") VALUES ($1, $2, $3, $4, $5, $6, $7) RETURNING "id"[0m  [["caption", "mon mon mon"], ["image_file_name", "coffee.jpg"], ["image_content_type", "image/jpeg"], ["image_file_size", 304947], ["image_updated_at", "2015-08-25 14:13:33.618725"], ["created_at", "2015-08-25 14:13:33.838632"], ["updated_at", "2015-08-25 14:13:33.838632"]]
  [1m[35m (6.4ms)[0m  COMMIT
Redirected to http://localhost:3000/posts/1
Completed 302 Found in 240ms (ActiveRecord: 7.3ms)


Started GET "/posts/1" for 127.0.0.1 at 2015-08-25 10:13:33 -0400
Processing by PostsController#show as HTML
  Parameters: {"id"=>"1"}
  [1m[36mPost Load (0.5ms)[0m  [1mSELECT  "posts".* FROM "posts" WHERE "posts"."id" = $1 LIMIT 1[0m  [["id", 1]]
  Rendered posts/show.slim within layouts/application (3.4ms)
Completed 200 OK in 33ms (Views: 26.9ms | ActiveRecord: 0.5ms)


Started GET "/" for 127.0.0.1 at 2015-08-25 10:13:39 -0400
Processing by PostsController#index as HTML
  Rendered posts/index.slim within layouts/application (6.6ms)
Completed 200 OK in 52ms (Views: 51.0ms | ActiveRecord: 0.0ms)
